<?xml version="1.0" encoding="UTF-8"?>
<!-- Generated by org.testng.reporters.JUnitXMLReporter -->
<testsuite hostname="HSOMPALLI-L-579" name="Test" tests="3" failures="1" timestamp="16 Nov 2016 10:21:02 GMT" time="34.657" errors="0">
  <testcase name="searchWithName" time="10.963" classname="testcases.SearchForCommunity"/>
  <testcase name="searchWithCommunity" time="4.207" classname="testcases.SearchForCommunity">
    <failure type="java.lang.AssertionError" message="expected [We found 20 communities] but found [Assisted Living near Indianapolis, Indiana]">
      <![CDATA[java.lang.AssertionError: expected [We found 20 communities] but found [Assisted Living near Indianapolis, Indiana]
	at pages.LivingFacilitiesAndCommunities.searchforCommunityWithCommunityName(LivingFacilitiesAndCommunities.java:59)
	at testcases.SearchForCommunity.searchWithCommunity(SearchForCommunity.java:28)
... Removed 29 stack frames]]>
    </failure>
  </testcase> <!-- searchWithCommunity -->
  <testcase name="verifyActivitiesAndAmenities" time="2.779" classname="testcases.Amenities"/>
</testsuite> <!-- Test -->
